SF:lib/data/model/movie_response.dart
DA:17,1
DA:34,1
DA:35,1
DA:36,1
DA:37,1
DA:38,2
DA:39,1
DA:40,1
DA:41,1
DA:42,1
DA:43,2
DA:44,1
DA:45,1
DA:46,1
DA:47,1
DA:48,2
DA:49,1
LF:17
LH:17
end_of_record
SF:lib/data/model/movie_detail_response.dart
DA:23,1
DA:46,1
DA:47,1
DA:48,1
DA:49,1
DA:50,1
DA:51,1
DA:52,1
DA:53,1
DA:54,1
DA:55,1
DA:56,1
DA:57,1
DA:58,1
DA:59,1
DA:60,1
DA:61,1
DA:62,1
DA:63,1
DA:64,1
DA:65,1
DA:66,1
DA:67,1
LF:23
LH:23
end_of_record
SF:lib/data/model/movie_cast_response.dart
DA:15,1
DA:30,1
DA:31,1
DA:32,1
DA:33,1
DA:34,1
DA:35,1
DA:36,1
DA:37,1
DA:38,1
DA:39,1
DA:40,1
DA:41,1
DA:42,1
DA:43,1
LF:15
LH:15
end_of_record
SF:lib/presentation/profile/profile_page.dart
DA:6,2
DA:8,1
DA:9,1
DA:13,1
DA:15,1
DA:16,1
DA:20,1
DA:21,1
DA:22,1
DA:24,1
DA:29,2
LF:11
LH:11
end_of_record
SF:lib/bloc/genre/genre_state.dart
DA:11,1
DA:17,1
LF:2
LH:2
end_of_record
SF:lib/bloc/genre/genre_bloc.dart
DA:11,0
DA:13,0
DA:15,0
DA:16,0
DA:18,0
LF:5
LH:0
end_of_record
SF:lib/data/provider/api_provider.dart
DA:9,0
DA:11,0
DA:12,0
DA:13,0
DA:14,0
DA:19,0
DA:21,0
DA:22,0
DA:23,0
DA:26,0
DA:30,0
DA:32,0
DA:33,0
DA:37,0
DA:38,0
DA:39,0
DA:40,0
DA:41,0
DA:45,0
DA:48,0
DA:52,0
DA:54,0
DA:55,0
DA:59,0
DA:60,0
DA:61,0
DA:62,0
DA:63,0
DA:67,0
DA:70,0
DA:74,0
DA:76,0
DA:77,0
DA:81,0
DA:82,0
DA:85,0
DA:88,0
DA:92,0
DA:94,0
DA:95,0
DA:99,0
DA:100,0
DA:101,0
DA:102,0
DA:103,0
DA:107,0
DA:110,0
DA:114,0
DA:116,0
DA:117,0
DA:122,0
DA:123,0
DA:124,0
DA:125,0
DA:126,0
DA:130,0
DA:133,0
LF:57
LH:0
end_of_record
SF:lib/values/shared.dart
DA:3,0
LF:1
LH:0
end_of_record
SF:lib/bloc/movie/movie_state.dart
DA:11,1
DA:17,1
LF:2
LH:2
end_of_record
SF:lib/bloc/movie/movie_bloc.dart
DA:13,0
DA:15,0
DA:17,0
DA:18,0
DA:20,0
LF:5
LH:0
end_of_record
